C51 COMPILER V9.53.0.0   MAIN                                                              11/21/2015 10:58:11 PAGE 1   


C51 COMPILER V9.53.0.0, COMPILATION OF MODULE MAIN
OBJECT MODULE PLACED IN main.OBJ
COMPILER INVOKED BY: C:\Keil_v5\C51\BIN\C51.EXE main.c OPTIMIZE(8,SPEED) BROWSE DEBUG OBJECTEXTEND TABS(2)

line level    source

   1          #include <reg60s2.h>
   2          #include <intrins.h>
   3          
   4          typedef unsigned char BYTE;
   5          typedef unsigned int WORD;
   6          
   7          #define FOSC 18432000L      //System frequency
   8          #define BAUD 9600           //UART baudrate
   9          #define T1MS (65536-FOSC/12/25)
  10          
  11          sbit PF1_ARM=P0^0;
  12          sbit PF2_ARM=P0^1;
  13          sbit ABrd_ARM=P0^2;//Arming switches
  14          
  15          sbit PF1_Request=  P1^0;
  16          sbit PF2_Request=  P1^1;
  17          sbit ABrd_Request= P1^2;//Request indicators
  18          
  19          sbit PF1_Active=P1^3;
  20          sbit PF2_Active=P1^4;
  21          sbit Abrd_Active=P1^5;//confirmation indicators
  22          
  23          unsigned char Command=0x00;
  24          unsigned int whatsup=0x00;
  25          unsigned char RxEN=0;
  26          
  27          void init()
  28          {}
  29            
  30          void delay_ms(int m)    //@24.000MHz
  31          {
  32   1        unsigned char i, j;
  33   1      
  34   1        i = 64*m;
  35   1        j = 85;
  36   1        do
  37   1        {
  38   2          while (--j);
  39   2        } while (--i);
  40   1      }
  41          
  42          void main(void)
  43          {
  44   1        init();
  45   1        while(1)
  46   1        {
  47   2          Command=PF1_Request*0x80|PF2_Request*0x40|ABrd_Request*0x20|PF1_Request*0x04|PF2_Request*0x02|ABrd_Reque
             -st*0x01;
  48   2          delay_ms(10);
  49   2          
  50   2        
  51   2        }
  52   1      }
  53          
  54          void updateIND(int whatsup)
C51 COMPILER V9.53.0.0   MAIN                                                              11/21/2015 10:58:11 PAGE 2   

  55          {
  56   1        PF1_Active=0x80||whatsup;
  57   1        PF1_Active=0x40||whatsup;
  58   1        Abrd_Active=0x20||whatsup; 
  59   1        
  60   1      
  61   1      }
  62          void Uart_Isr() interrupt 4 using 1
  63          {
  64   1          if (TI)
  65   1          {
  66   2              TI = 0;             //Clear transmit interrupt flag
  67   2              
  68   2      
  69   2          }
  70   1          if (RI & RxEN==1)
  71   1          {
  72   2              RI = 0;             //Clear transmit interrupt flag
  73   2              whatsup=SBUF;
  74   2              updateIND(whatsup);
  75   2          }
  76   1      }


MODULE INFORMATION:   STATIC OVERLAYABLE
   CODE SIZE        =    145    ----
   CONSTANT SIZE    =   ----    ----
   XDATA SIZE       =   ----    ----
   PDATA SIZE       =   ----    ----
   DATA SIZE        =      4       2
   IDATA SIZE       =   ----    ----
   BIT SIZE         =   ----    ----
END OF MODULE INFORMATION.


C51 COMPILATION COMPLETE.  0 WARNING(S),  0 ERROR(S)
